[01:18:44] [Paper Plugin Remapper Thread - 0/INFO]: [ReobfServer] Remapping server...
[01:18:48] [ServerMain/INFO]: Environment: Environment[sessionHost=https://sessionserver.mojang.com, servicesHost=https://api.minecraftservices.com, name=PROD]
[01:18:49] [ServerMain/INFO]: Found new data pack file/bukkit, loading it automatically
[01:18:49] [ServerMain/INFO]: Found new data pack paper, loading it automatically
[01:18:50] [ServerMain/INFO]: No existing world data, creating new world
[01:18:51] [ServerMain/INFO]: Loaded 1175 recipes
[01:18:52] [ServerMain/INFO]: Loaded 1276 advancements
[01:18:52] [Paper Plugin Remapper Thread - 0/INFO]: [ReobfServer] Done remapping server in 8079ms.
[01:18:52] [Server thread/INFO]: Starting minecraft server version 1.20.6
[01:18:52] [Server thread/INFO]: Loading properties
[01:18:52] [Server thread/INFO]: This server is running Paper version 1.20.6-149-ver/1.20.6@6e71f41 (2024-08-24T09:37:06Z) (Implementing API version 1.20.6-R0.1-SNAPSHOT)
[01:18:53] [Server thread/INFO]: Server Ping Player Sample Count: 12
[01:18:53] [Server thread/INFO]: Using 4 threads for Netty based IO
[01:18:53] [Server thread/INFO]: [ChunkTaskScheduler] Chunk system is using 1 I/O threads, 1 worker threads, and gen parallelism of 1 threads
[01:18:53] [Server thread/WARN]: [!] The timings profiler has been enabled but has been scheduled for removal from Paper in the future.
    We recommend installing the spark profiler as a replacement: https://spark.lucko.me/
    For more information please visit: https://github.com/PaperMC/Paper/issues/8948
[01:18:54] [Server thread/INFO]: Default game type: SURVIVAL
[01:18:54] [Server thread/INFO]: Generating keypair
[01:18:54] [Server thread/INFO]: Starting Minecraft server on *:25565
[01:18:54] [Server thread/INFO]: Using epoll channel type
[01:18:54] [Server thread/INFO]: Paper: Using libdeflate (Linux x86_64) compression from Velocity.
[01:18:54] [Server thread/INFO]: Paper: Using OpenSSL 1.1.x (Linux x86_64) cipher from Velocity.
[01:18:54] [Server thread/WARN]: **** SERVER IS RUNNING IN OFFLINE/INSECURE MODE!
[01:18:54] [Server thread/WARN]: The server will make no attempt to authenticate usernames. Beware.
[01:18:54] [Server thread/WARN]: While this makes the game possible to play without internet access, it also opens up the ability for hackers to connect with any username they choose.
[01:18:54] [Server thread/WARN]: To change this, set "online-mode" to "true" in the server.properties file.
[01:18:54] [Server thread/INFO]: Preparing level "world"
[01:19:08] [Server thread/INFO]: Preparing start region for dimension minecraft:overworld
[01:19:14] [Server thread/INFO]: Time elapsed: 6493 ms
[01:19:14] [Server thread/INFO]: Preparing start region for dimension minecraft:the_nether
[01:19:16] [Server thread/INFO]: Time elapsed: 2023 ms
[01:19:16] [Server thread/INFO]: Preparing start region for dimension minecraft:the_end
[01:19:17] [Server thread/INFO]: Time elapsed: 694 ms
[01:19:17] [Server thread/INFO]: Running delayed init tasks
[01:19:17] [Server thread/INFO]: Done (25.114s)! For help, type "help"
[01:19:17] [Server thread/INFO]: *************************************************************************************
[01:19:17] [Server thread/INFO]: This is the first time you're starting this server.
[01:19:17] [Server thread/INFO]: It's recommended you read our 'Getting Started' documentation for guidance.
[01:19:17] [Server thread/INFO]: View this and more helpful information here: https://docs.papermc.io/paper/next-steps
[01:19:17] [Server thread/INFO]: *************************************************************************************
[01:19:17] [Server thread/INFO]: Timings Reset
[01:19:17] [Server thread/INFO]: Unknown or incomplete command, see below for error
/home/codespace/.python/current/bin/python3 /workspaces/servidor-los-andes/msx.py<--[HERE]
[01:19:34] [Server thread/INFO]: Stopping server
[01:19:34] [Server thread/INFO]: Saving players
[01:19:34] [Server thread/INFO]: Saving worlds
[01:19:34] [Server thread/INFO]: Saving chunks for level 'ServerLevel[world]'/minecraft:overworld
[01:19:34] [Server thread/INFO]: [ChunkHolderManager] Waiting 60s for chunk system to halt for world 'world'
[01:19:34] [Server thread/INFO]: [ChunkHolderManager] Halted chunk system for world 'world'
[01:19:34] [Server thread/INFO]: [ChunkHolderManager] Saving all chunkholders for world 'world'
[01:19:35] [Server thread/INFO]: [ChunkHolderManager] Saved 841 block chunks, 49 entity chunks, 0 poi chunks in world 'world' in 0.87s
[01:19:35] [Server thread/INFO]: ThreadedAnvilChunkStorage (world): All chunks are saved
[01:19:35] [Server thread/INFO]: Saving chunks for level 'ServerLevel[world_nether]'/minecraft:the_nether
[01:19:35] [Server thread/INFO]: [ChunkHolderManager] Waiting 60s for chunk system to halt for world 'world_nether'
[01:19:35] [Server thread/INFO]: [ChunkHolderManager] Halted chunk system for world 'world_nether'
[01:19:35] [Server thread/INFO]: [ChunkHolderManager] Saving all chunkholders for world 'world_nether'
[01:19:35] [Server thread/INFO]: [ChunkHolderManager] Saved 841 block chunks, 49 entity chunks, 0 poi chunks in world 'world_nether' in 0.54s
[01:19:35] [Server thread/INFO]: ThreadedAnvilChunkStorage (DIM-1): All chunks are saved
[01:19:35] [Server thread/INFO]: Saving chunks for level 'ServerLevel[world_the_end]'/minecraft:the_end
[01:19:35] [Server thread/INFO]: [ChunkHolderManager] Waiting 60s for chunk system to halt for world 'world_the_end'
[01:19:35] [Server thread/INFO]: [ChunkHolderManager] Halted chunk system for world 'world_the_end'
[01:19:35] [Server thread/INFO]: [ChunkHolderManager] Saving all chunkholders for world 'world_the_end'
[01:19:36] [Server thread/INFO]: [ChunkHolderManager] Saved 841 block chunks, 49 entity chunks, 0 poi chunks in world 'world_the_end' in 0.38s
[01:19:36] [Server thread/INFO]: ThreadedAnvilChunkStorage (DIM1): All chunks are saved
[01:19:36] [Server thread/INFO]: ThreadedAnvilChunkStorage: All dimensions are saved
[01:19:36] [Server thread/INFO]: Flushing Chunk IO
[01:19:36] [Server thread/INFO]: Closing Thread Pool
[01:19:36] [Server thread/INFO]: Closing Server
